<?xml version="1.0" encoding="UTF-8" ?>
<testsuite errors="0" skipped="0" tests="1" time="0.006" failures="0" name="com.googlecode.graphpipe.TestBase">
  <properties>
    <property value="Java(TM) 2 Runtime Environment, Standard Edition" name="java.runtime.name"/>
    <property value="/usr/lib/jvm/java-1.5.0-sun-1.5.0.16/jre/lib/i386" name="sun.boot.library.path"/>
    <property value="1.5.0_16-b02" name="java.vm.version"/>
    <property value="Sun Microsystems Inc." name="java.vm.vendor"/>
    <property value="http://java.sun.com/" name="java.vendor.url"/>
    <property value=":" name="path.separator"/>
    <property value="Java HotSpot(TM) Client VM" name="java.vm.name"/>
    <property value="sun.io" name="file.encoding.pkg"/>
    <property value="IE" name="user.country"/>
    <property value="SUN_STANDARD" name="sun.java.launcher"/>
    <property value="unknown" name="sun.os.patch.level"/>
    <property value="Java Virtual Machine Specification" name="java.vm.specification.name"/>
    <property value="/home/paul/projects/graphpipe/tools" name="user.dir"/>
    <property value="1.5.0_16-b02" name="java.runtime.version"/>
    <property value="sun.awt.X11GraphicsEnvironment" name="java.awt.graphicsenv"/>
    <property value="/home/paul/projects/graphpipe/tools" name="basedir"/>
    <property value="/usr/lib/jvm/java-1.5.0-sun-1.5.0.16/jre/lib/endorsed" name="java.endorsed.dirs"/>
    <property value="i386" name="os.arch"/>
    <property value="/tmp/surefirebooter31876.jar" name="surefire.real.class.path"/>
    <property value="/tmp" name="java.io.tmpdir"/>
    <property value="
" name="line.separator"/>
    <property value="Sun Microsystems Inc." name="java.vm.specification.vendor"/>
    <property value="Linux" name="os.name"/>
    <property value="UTF-8" name="sun.jnu.encoding"/>
    <property value="/usr/lib/jvm/java-1.5.0-sun-1.5.0.16/jre/lib/i386/client:/usr/lib/jvm/java-1.5.0-sun-1.5.0.16/jre/lib/i386:/usr/lib/jvm/java-1.5.0-sun-1.5.0.16/jre/../lib/i386" name="java.library.path"/>
    <property value="/home/paul/projects/graphpipe/tools/target/test-classes:/home/paul/projects/graphpipe/tools/target/classes:/home/paul/.m2/repository/junit/junit/4.0/junit-4.0.jar:/home/paul/.m2/repository/commons-cli/commons-cli/1.2/commons-cli-1.2.jar:/home/paul/.m2/repository/org/easymock/easymockclassextension/2.4/easymockclassextension-2.4.jar:/home/paul/.m2/repository/org/easymock/easymock/2.4/easymock-2.4.jar:/home/paul/.m2/repository/cglib/cglib-nodep/2.1_3/cglib-nodep-2.1_3.jar:" name="surefire.test.class.path"/>
    <property value="Java Platform API Specification" name="java.specification.name"/>
    <property value="49.0" name="java.class.version"/>
    <property value="HotSpot Client Compiler" name="sun.management.compiler"/>
    <property value="2.6.24-24-generic" name="os.version"/>
    <property value="/home/paul" name="user.home"/>
    <property value="Eire" name="user.timezone"/>
    <property value="sun.print.PSPrinterJob" name="java.awt.printerjob"/>
    <property value="UTF-8" name="file.encoding"/>
    <property value="1.5" name="java.specification.version"/>
    <property value="paul" name="user.name"/>
    <property value="/home/paul/projects/graphpipe/tools/target/test-classes:/home/paul/projects/graphpipe/tools/target/classes:/home/paul/.m2/repository/junit/junit/4.0/junit-4.0.jar:/home/paul/.m2/repository/commons-cli/commons-cli/1.2/commons-cli-1.2.jar:/home/paul/.m2/repository/org/easymock/easymockclassextension/2.4/easymockclassextension-2.4.jar:/home/paul/.m2/repository/org/easymock/easymock/2.4/easymock-2.4.jar:/home/paul/.m2/repository/cglib/cglib-nodep/2.1_3/cglib-nodep-2.1_3.jar:" name="java.class.path"/>
    <property value="1.0" name="java.vm.specification.version"/>
    <property value="32" name="sun.arch.data.model"/>
    <property value="/usr/lib/jvm/java-1.5.0-sun-1.5.0.16/jre" name="java.home"/>
    <property value="Sun Microsystems Inc." name="java.specification.vendor"/>
    <property value="en" name="user.language"/>
    <property value="mixed mode, sharing" name="java.vm.info"/>
    <property value="1.5.0_16" name="java.version"/>
    <property value="/usr/lib/jvm/java-1.5.0-sun-1.5.0.16/jre/lib/ext" name="java.ext.dirs"/>
    <property value="/usr/lib/jvm/java-1.5.0-sun-1.5.0.16/jre/lib/rt.jar:/usr/lib/jvm/java-1.5.0-sun-1.5.0.16/jre/lib/i18n.jar:/usr/lib/jvm/java-1.5.0-sun-1.5.0.16/jre/lib/sunrsasign.jar:/usr/lib/jvm/java-1.5.0-sun-1.5.0.16/jre/lib/jsse.jar:/usr/lib/jvm/java-1.5.0-sun-1.5.0.16/jre/lib/jce.jar:/usr/lib/jvm/java-1.5.0-sun-1.5.0.16/jre/lib/charsets.jar:/usr/lib/jvm/java-1.5.0-sun-1.5.0.16/jre/classes" name="sun.boot.class.path"/>
    <property value="Sun Microsystems Inc." name="java.vendor"/>
    <property value="/home/paul/.m2/repository" name="localRepository"/>
    <property value="/" name="file.separator"/>
    <property value="http://java.sun.com/cgi-bin/bugreport.cgi" name="java.vendor.url.bug"/>
    <property value="little" name="sun.cpu.endian"/>
    <property value="UnicodeLittle" name="sun.io.unicode.encoding"/>
    <property value="gnome" name="sun.desktop"/>
    <property value="" name="sun.cpu.isalist"/>
  </properties>
  <testcase classname="com.googlecode.graphpipe.TestBase" time="0.002" name="testBase"/>
</testsuite>